#
# There is insufficient memory for the Java Runtime Environment to continue.
# Native memory allocation (mmap) failed to map 402653184 bytes for G1 virtual space
# Possible reasons:
#   The system is out of physical RAM or swap space
#   The process is running with CompressedOops enabled, and the Java Heap may be blocking the growth of the native heap
# Possible solutions:
#   Reduce memory load on the system
#   Increase physical memory or swap space
#   Check if swap backing store is full
#   Decrease Java heap size (-Xmx/-Xms)
#   Decrease number of Java threads
#   Decrease Java thread stack sizes (-Xss)
#   Set larger code cache with -XX:ReservedCodeCacheSize=
#   JVM is running with Zero Based Compressed Oops mode in which the Java heap is
#     placed in the first 32GB address space. The Java Heap base address is the
#     maximum limit for the native heap growth. Please use -XX:HeapBaseMinAddress
#     to set the Java Heap base and to place the Java Heap above 32GB virtual address.
# This output file may be truncated or incomplete.
#
#  Out of Memory Error (os_windows.cpp:3548), pid=22512, tid=20988
#
# JRE version:  (17.0.11+7) (build )
# Java VM: Java HotSpot(TM) 64-Bit Server VM (17.0.11+7-LTS-207, mixed mode, sharing, tiered, compressed oops, compressed class ptrs, g1 gc, windows-amd64)
# No core dump will be written. Minidumps are not enabled by default on client versions of Windows
#

---------------  S U M M A R Y ------------

Command Line: -Dfile.encoding=UTF-8 --module-path=C:\Users\JEFFERSON\Documents\NetBeansProjects\LANGUAJE-JAVA-COMPLETO\build\classes languaje.java.completo.ejercicios.Ejercicio12

Host: 11th Gen Intel(R) Core(TM) i7-11800H @ 2.30GHz, 16 cores, 23G,  Windows 11 , 64 bit Build 22621 (10.0.22621.3672)
Time: Mon Jul  1 15:37:59 2024 SA Pacific Standard Time elapsed time: 0.006705 seconds (0d 0h 0m 0s)

---------------  T H R E A D  ---------------

Current thread (0x00000287ea0615a0):  JavaThread "Unknown thread" [_thread_in_vm, id=20988, stack(0x000000b3c0600000,0x000000b3c0700000)]

Stack: [0x000000b3c0600000,0x000000b3c0700000]
Native frames: (J=compiled Java code, j=interpreted, Vv=VM code, C=native code)
V  [jvm.dll+0x679cca]
V  [jvm.dll+0x7da13d]
V  [jvm.dll+0x7dba83]
V  [jvm.dll+0x7dc0f3]
V  [jvm.dll+0x2449af]
V  [jvm.dll+0x676ce9]
V  [jvm.dll+0x66b852]
V  [jvm.dll+0x3018d6]
V  [jvm.dll+0x308e76]
V  [jvm.dll+0x3596ee]
V  [jvm.dll+0x35991f]
V  [jvm.dll+0x2d89a8]
V  [jvm.dll+0x2d9914]
V  [jvm.dll+0x7ac6b1]
V  [jvm.dll+0x366f61]
V  [jvm.dll+0x78b609]
V  [jvm.dll+0x3ec22f]
V  [jvm.dll+0x3ede61]
C  [jli.dll+0x5297]
C  [ucrtbase.dll+0x29333]
C  [KERNEL32.DLL+0x1257d]
C  [ntdll.dll+0x5af28]


---------------  P R O C E S S  ---------------

Threads class SMR info:
_java_thread_list=0x00007ffb0efb7a18, length=0, elements={
}

Java Threads: ( => current thread )

Other Threads:
  0x00000287ea0eba60 GCTaskThread "GC Thread#0" [stack: 0x000000b3c0700000,0x000000b3c0800000] [id=14396]
  0x00000287ea0f8700 ConcurrentGCThread "G1 Main Marker" [stack: 0x000000b3c0800000,0x000000b3c0900000] [id=2516]
  0x00000287ea0f9010 ConcurrentGCThread "G1 Conc#0" [stack: 0x000000b3c0900000,0x000000b3c0a00000] [id=1964]

[error occurred during error reporting (printing all threads), id 0xc0000005, EXCEPTION_ACCESS_VIOLATION (0xc0000005) at pc=0x00007ffb0e7e9497]

VM state: not at safepoint (not fully initialized)

VM Mutex/Monitor currently owned by a thread:  ([mutex/lock_event])
[0x00000287ea05ece0] Heap_lock - owner thread: 0x00000287ea0615a0

Heap address: 0x0000000683400000, size: 6092 MB, Compressed Oops mode: Zero based, Oop shift amount: 3

CDS archive(s) mapped at: [0x0000000000000000-0x0000000000000000-0x0000000000000000), size 0, SharedBaseAddress: 0x0000000800000000, ArchiveRelocationMode: 1.
Narrow klass base: 0x0000000000000000, Narrow klass shift: 0, Narrow klass range: 0x0

GC Precious Log:
<Empty>

Heap:
 garbage-first heap   total 0K, used 0K [0x0000000683400000, 0x0000000800000000)
  region size 4096K, 0 young (0K), 0 survivors (0K)

[error occurred during error reporting (printing heap information), id 0xc0000005, EXCEPTION_ACCESS_VIOLATION (0xc0000005) at pc=0x00007ffb0ebd3559]

GC Heap History (0 events):
No events

Deoptimization events (0 events):
No events

Classes unloaded (0 events):
No events

Classes redefined (0 events):
No events

Internal exceptions (0 events):
No events

VM Operations (0 events):
No events

Events (1 events):
Event: 0.004 Loaded shared library C:\Program Files\Java\jdk-17\bin\java.dll


Dynamic libraries:
0x00007ff6a5cc0000 - 0x00007ff6a5cd0000 	C:\Program Files\Java\jdk-17\bin\java.exe
0x00007ffb82850000 - 0x00007ffb82a67000 	C:\Windows\SYSTEM32\ntdll.dll
0x00007ffb82140000 - 0x00007ffb82204000 	C:\Windows\System32\KERNEL32.DLL
0x00007ffb80020000 - 0x00007ffb803cd000 	C:\Windows\System32\KERNELBASE.dll
0x00007ffb803d0000 - 0x00007ffb804e1000 	C:\Windows\System32\ucrtbase.dll
0x00007ffb73380000 - 0x00007ffb7339b000 	C:\Program Files\Java\jdk-17\bin\VCRUNTIME140.dll
0x00007ffb7a530000 - 0x00007ffb7a549000 	C:\Program Files\Java\jdk-17\bin\jli.dll
0x00007ffb81060000 - 0x00007ffb81112000 	C:\Windows\System32\ADVAPI32.dll
0x00007ffb81a60000 - 0x00007ffb81b07000 	C:\Windows\System32\msvcrt.dll
0x00007ffb81120000 - 0x00007ffb811c9000 	C:\Windows\System32\sechost.dll
0x00007ffb80560000 - 0x00007ffb80588000 	C:\Windows\System32\bcrypt.dll
0x00007ffb823c0000 - 0x00007ffb824d4000 	C:\Windows\System32\RPCRT4.dll
0x00007ffb825e0000 - 0x00007ffb8278e000 	C:\Windows\System32\USER32.dll
0x00007ffb70560000 - 0x00007ffb707f3000 	C:\Windows\WinSxS\amd64_microsoft.windows.common-controls_6595b64144ccf1df_6.0.22621.3672_none_2713b9d173822955\COMCTL32.dll
0x00007ffb7fc20000 - 0x00007ffb7fc46000 	C:\Windows\System32\win32u.dll
0x00007ffb825b0000 - 0x00007ffb825d9000 	C:\Windows\System32\GDI32.dll
0x00007ffb7fc50000 - 0x00007ffb7fd69000 	C:\Windows\System32\gdi32full.dll
0x00007ffb7fb80000 - 0x00007ffb7fc1a000 	C:\Windows\System32\msvcp_win.dll
0x00007ffb7b410000 - 0x00007ffb7b41a000 	C:\Windows\SYSTEM32\VERSION.dll
0x00007ffb82550000 - 0x00007ffb82581000 	C:\Windows\System32\IMM32.DLL
0x00007ffb735a0000 - 0x00007ffb735ac000 	C:\Program Files\Java\jdk-17\bin\vcruntime140_1.dll
0x00007ffb63720000 - 0x00007ffb637ae000 	C:\Program Files\Java\jdk-17\bin\msvcp140.dll
0x00007ffb0e500000 - 0x00007ffb0f0e0000 	C:\Program Files\Java\jdk-17\bin\server\jvm.dll
0x00007ffb824e0000 - 0x00007ffb824e8000 	C:\Windows\System32\PSAPI.DLL
0x00007ffb7ac90000 - 0x00007ffb7ac99000 	C:\Windows\SYSTEM32\WSOCK32.dll
0x00007ffb73d70000 - 0x00007ffb73da4000 	C:\Windows\SYSTEM32\WINMM.dll
0x00007ffb82790000 - 0x00007ffb82801000 	C:\Windows\System32\WS2_32.dll
0x00007ffb7ebc0000 - 0x00007ffb7ebd8000 	C:\Windows\SYSTEM32\kernel.appcore.dll
0x00007ffb73330000 - 0x00007ffb7333a000 	C:\Program Files\Java\jdk-17\bin\jimage.dll
0x00007ffb7d3b0000 - 0x00007ffb7d5e2000 	C:\Windows\SYSTEM32\DBGHELP.DLL
0x00007ffb81cf0000 - 0x00007ffb82078000 	C:\Windows\System32\combase.dll
0x00007ffb80e20000 - 0x00007ffb80ef7000 	C:\Windows\System32\OLEAUT32.dll
0x00007ffb635e0000 - 0x00007ffb63612000 	C:\Windows\SYSTEM32\dbgcore.DLL
0x00007ffb7fd70000 - 0x00007ffb7fdeb000 	C:\Windows\System32\bcryptPrimitives.dll
0x00007ffb6edd0000 - 0x00007ffb6edf5000 	C:\Program Files\Java\jdk-17\bin\java.dll

dbghelp: loaded successfully - version: 4.0.5 - missing functions: none
symbol engine: initialized successfully - sym options: 0x614 - pdb path: .;C:\Program Files\Java\jdk-17\bin;C:\Windows\SYSTEM32;C:\Windows\WinSxS\amd64_microsoft.windows.common-controls_6595b64144ccf1df_6.0.22621.3672_none_2713b9d173822955;C:\Program Files\Java\jdk-17\bin\server

VM Arguments:
jvm_args: -Dfile.encoding=UTF-8 --module-path=C:\Users\JEFFERSON\Documents\NetBeansProjects\LANGUAJE-JAVA-COMPLETO\build\classes 
java_command: languaje.java.completo.ejercicios.Ejercicio12
java_class_path (initial): C:\Users\JEFFERSON\Documents\NetBeansProjects\LANGUAJE-JAVA-COMPLETO\build\classes
Launcher Type: SUN_STANDARD

[Global flags]
     intx CICompilerCount                          = 12                                        {product} {ergonomic}
     uint ConcGCThreads                            = 3                                         {product} {ergonomic}
     uint G1ConcRefinementThreads                  = 13                                        {product} {ergonomic}
   size_t G1HeapRegionSize                         = 4194304                                   {product} {ergonomic}
    uintx GCDrainStackTargetSize                   = 64                                        {product} {ergonomic}
   size_t InitialHeapSize                          = 402653184                                 {product} {ergonomic}
   size_t MarkStackSize                            = 4194304                                   {product} {ergonomic}
   size_t MaxHeapSize                              = 6387924992                                {product} {ergonomic}
   size_t MinHeapDeltaBytes                        = 4194304                                   {product} {ergonomic}
   size_t MinHeapSize                              = 8388608                                   {product} {ergonomic}
    uintx NonNMethodCodeHeapSize                   = 7602480                                {pd product} {ergonomic}
    uintx NonProfiledCodeHeapSize                  = 122027880                              {pd product} {ergonomic}
    uintx ProfiledCodeHeapSize                     = 122027880                              {pd product} {ergonomic}
    uintx ReservedCodeCacheSize                    = 251658240                              {pd product} {ergonomic}
     bool SegmentedCodeCache                       = true                                      {product} {ergonomic}
   size_t SoftMaxHeapSize                          = 6387924992                             {manageable} {ergonomic}
     bool UseCompressedClassPointers               = true                           {product lp64_product} {ergonomic}
     bool UseCompressedOops                        = true                           {product lp64_product} {ergonomic}
     bool UseG1GC                                  = true                                      {product} {ergonomic}
     bool UseLargePagesIndividualAllocation        = false                                  {pd product} {ergonomic}

Logging:
Log output configuration:
 #0: stdout all=warning uptime,level,tags
 #1: stderr all=off uptime,level,tags

Environment Variables:
PATH=C:\Program Files\Common Files\Oracle\Java\javapath;C:\Windows\system32;C:\Windows;C:\Windows\System32\Wbem;C:\Windows\System32\WindowsPowerShell\v1.0\;C:\Windows\System32\OpenSSH\;C:\Program Files\NVIDIA Corporation\NVIDIA NvDLISR;C:\Program Files\Git\cmd;C:\php;C:\ProgramData\ComposerSetup\bin;C:\Program Files\nodejs\;C:\ProgramData\chocolatey\bin;C:\Program Files\Java\jdk-17\bin;C:\Program Files\dotnet\;C:\Program Files (x86)\NVIDIA Corporation\PhysX\Common;C:\Program Files\MySQL\MySQL Shell 8.0\bin\;C:\Users\JEFFERSON\AppData\Local\Programs\Python\Python312\Scripts\;C:\Users\JEFFERSON\AppData\Local\Programs\Python\Python312\;C:\Users\JEFFERSON\AppData\Local\Microsoft\WindowsApps;C:\Users\JEFFERSON\AppData\Local\Programs\Microsoft VS Code\bin;C:\Users\JEFFERSON\AppData\Local\GitHubDesktop\bin;C:\Users\JEFFERSON\AppData\Roaming\Composer\vendor\bin;C:\Users\JEFFERSON\AppData\Roaming\npm;C:\Program Files\JetBrains\IntelliJ IDEA 2024.1.3\bin;;C:\Users\JEFFERSON\.dotnet\tools
USERNAME=JEFFERSON
OS=Windows_NT
PROCESSOR_IDENTIFIER=Intel64 Family 6 Model 141 Stepping 1, GenuineIntel



---------------  S Y S T E M  ---------------

OS:
 Windows 11 , 64 bit Build 22621 (10.0.22621.3672)
OS uptime: 1 days 2:03 hours
Hyper-V role detected

CPU: total 16 (initial active 16) (8 cores per cpu, 2 threads per core) family 6 model 141 stepping 1 microcode 0x50, cx8, cmov, fxsr, ht, mmx, 3dnowpref, sse, sse2, sse3, ssse3, sse4.1, sse4.2, popcnt, lzcnt, tsc, tscinvbit, avx, avx2, aes, erms, clmul, bmi1, bmi2, adx, avx512f, avx512dq, avx512cd, avx512bw, avx512vl, sha, fma, vzeroupper, avx512_vpopcntdq, avx512_vpclmulqdq, avx512_vaes, avx512_vnni, clflush, clflushopt, clwb, avx512_vbmi2, avx512_vbmi, hv

Memory: 4k page, system-wide physical 24359M (12758M free)
TotalPageFile size 28359M (AvailPageFile size 64M)
current process WorkingSet (physical memory assigned to process): 11M, peak: 11M
current process commit charge ("private bytes"): 70M, peak: 454M

vm_info: Java HotSpot(TM) 64-Bit Server VM (17.0.11+7-LTS-207) for windows-amd64 JRE (17.0.11+7-LTS-207), built on Mar 11 2024 19:01:50 by "mach5one" with MS VC++ 17.6 (VS2022)

END.
